0 info it worked if it ends with ok
1 verbose cli [ '/Users/wscott/.nvm/versions/node/v6.11.0/bin/node',
1 verbose cli   '/Users/wscott/.nvm/versions/node/v6.11.0/bin/npm',
1 verbose cli   'publish' ]
2 info using npm@3.10.10
3 info using node@v6.11.0
4 verbose publish [ '.' ]
5 silly cache add args [ '.', null ]
6 verbose cache add spec .
7 silly cache add parsed spec Result {
7 silly cache add   raw: '.',
7 silly cache add   scope: null,
7 silly cache add   escapedName: null,
7 silly cache add   name: null,
7 silly cache add   rawSpec: '.',
7 silly cache add   spec: '/Users/wscott/Code/app-forge',
7 silly cache add   type: 'directory' }
8 verbose addLocalDirectory /Users/wscott/.npm/app-forge/1.0.0/package.tgz not in flight; packing
9 verbose correctMkdir /Users/wscott/.npm correctMkdir not in flight; initializing
10 info lifecycle app-forge@1.0.0~prepublish: app-forge@1.0.0
11 silly lifecycle app-forge@1.0.0~prepublish: no script for prepublish, continuing
12 verbose tar pack [ '/Users/wscott/.npm/app-forge/1.0.0/package.tgz',
12 verbose tar pack   '/Users/wscott/Code/app-forge' ]
13 verbose tarball /Users/wscott/.npm/app-forge/1.0.0/package.tgz
14 verbose folder /Users/wscott/Code/app-forge
15 verbose addLocalTarball adding from inside cache /Users/wscott/.npm/app-forge/1.0.0/package.tgz
16 verbose correctMkdir /Users/wscott/.npm correctMkdir not in flight; initializing
17 silly cache afterAdd app-forge@1.0.0
18 verbose afterAdd /Users/wscott/.npm/app-forge/1.0.0/package/package.json not in flight; writing
19 verbose correctMkdir /Users/wscott/.npm correctMkdir not in flight; initializing
20 verbose afterAdd /Users/wscott/.npm/app-forge/1.0.0/package/package.json written
21 silly publish { name: 'app-forge',
21 silly publish   version: '1.0.0',
21 silly publish   description: 'A solution for mocking up applications',
21 silly publish   main: 'index.js',
21 silly publish   scripts: { test: 'test' },
21 silly publish   repository:
21 silly publish    { type: 'git',
21 silly publish      url: 'git+https://github.com/williamscott082/app-forge.git' },
21 silly publish   keywords: [ 'mock', 'mock-up', 'wireframing' ],
21 silly publish   author: { name: 'Will Scott' },
21 silly publish   license: 'GPL-3.0',
21 silly publish   bugs: { url: 'https://github.com/williamscott082/app-forge/issues' },
21 silly publish   homepage: 'https://github.com/williamscott082/app-forge#readme',
21 silly publish   engine: 'node >= 6.11.x',
21 silly publish   private: true,
21 silly publish   readme: 'App Forge\n',
21 silly publish   readmeFilename: 'README.md',
21 silly publish   _id: 'app-forge@1.0.0',
21 silly publish   _shasum: '2f7fbd4c4c013da61b740c840bfc88032c960ac9',
21 silly publish   _from: '.' }
22 verbose getPublishConfig undefined
23 verbose stack Error: This package has been marked as private
23 verbose stack Remove the 'private' field from the package.json to publish it.
23 verbose stack     at publish_ (/Users/wscott/.nvm/versions/node/v6.11.0/lib/node_modules/npm/lib/publish.js:101:15)
23 verbose stack     at Array.<anonymous> (/Users/wscott/.nvm/versions/node/v6.11.0/lib/node_modules/npm/node_modules/slide/lib/bind-actor.js:15:8)
23 verbose stack     at LOOP (/Users/wscott/.nvm/versions/node/v6.11.0/lib/node_modules/npm/node_modules/slide/lib/chain.js:15:14)
23 verbose stack     at LOOP (/Users/wscott/.nvm/versions/node/v6.11.0/lib/node_modules/npm/node_modules/slide/lib/chain.js:14:28)
23 verbose stack     at chain (/Users/wscott/.nvm/versions/node/v6.11.0/lib/node_modules/npm/node_modules/slide/lib/chain.js:20:5)
23 verbose stack     at /Users/wscott/.nvm/versions/node/v6.11.0/lib/node_modules/npm/lib/publish.js:73:5
23 verbose stack     at RES (/Users/wscott/.nvm/versions/node/v6.11.0/lib/node_modules/npm/node_modules/inflight/inflight.js:23:14)
23 verbose stack     at f (/Users/wscott/.nvm/versions/node/v6.11.0/lib/node_modules/npm/node_modules/once/once.js:25:25)
23 verbose stack     at /Users/wscott/.nvm/versions/node/v6.11.0/lib/node_modules/npm/lib/cache.js:363:16
23 verbose stack     at /Users/wscott/.nvm/versions/node/v6.11.0/lib/node_modules/npm/node_modules/write-file-atomic/index.js:50:11
24 verbose cwd /Users/wscott/Code/app-forge
25 error Darwin 16.6.0
26 error argv "/Users/wscott/.nvm/versions/node/v6.11.0/bin/node" "/Users/wscott/.nvm/versions/node/v6.11.0/bin/npm" "publish"
27 error node v6.11.0
28 error npm  v3.10.10
29 error This package has been marked as private
29 error Remove the 'private' field from the package.json to publish it.
30 error If you need help, you may report this error at:
30 error     <https://github.com/npm/npm/issues>
31 verbose exit [ 1, true ]
